00:00:00.011761 main     VirtualBox XPCOM Server 6.1.12 r139181 linux.amd64 (Jul 11 2020 09:09:53) release log
00:00:00.011765 main     Log opened 2020-08-17T19:21:18.010984000Z
00:00:00.011766 main     Build Type: release
00:00:00.011772 main     OS Product: Linux
00:00:00.011773 main     OS Release: 5.4.0-42-generic
00:00:00.011775 main     OS Version: #46-Ubuntu SMP Fri Jul 10 00:24:02 UTC 2020
00:00:00.011839 main     DMI Product Name: VirtualBox
00:00:00.011856 main     DMI Product Version: 1.2
00:00:00.011872 main     Firmware type: BIOS
00:00:00.011939 main     Host RAM: 1987MB total, 1078MB available
00:00:00.011947 main     Executable: /usr/lib/virtualbox/VBoxSVC
00:00:00.011947 main     Process ID: 40877
00:00:00.011948 main     Package type: LINUX_64BITS_UBUNTU_19_10
00:00:00.014472 main     IPC socket path: /tmp/.vbox-student-ipc/ipcd
00:00:00.134628 nspr-2   VirtualBox: object creation starts
00:00:00.134733 nspr-2   Home directory: '/home/student/.config/VirtualBox'
00:00:00.177788 nspr-2   HostDnsMonitor: initializing
00:00:00.178095 nspr-2   NAT: resolv.conf: nameserver 127.0.0.53
00:00:00.178122 nspr-2   NAT: resolv.conf: ignoring "options edns0"
00:00:00.178149 nspr-2   HostDnsMonitor: updating information
00:00:00.179950 nspr-2   HostDnsMonitor: old information
00:00:00.179972 nspr-2     no server entries
00:00:00.179981 nspr-2     no domain set
00:00:00.179988 nspr-2     no search string entries
00:00:00.179994 nspr-2   HostDnsMonitor: new information
00:00:00.180001 nspr-2     server 1: 127.0.0.53
00:00:00.180009 nspr-2     domain: home
00:00:00.180016 nspr-2     search string 1: home
00:00:00.199827 nspr-2   VD: VDInit finished with VINF_SUCCESS
00:00:00.209956 nspr-2   VirtualBox: object created
00:00:04.457996 nspr-3   Saving settings file "/home/student/.config/VirtualBox/VirtualBox.xml" with version "1.12-linux"
00:00:04.503460 nspr-2   Saving settings file "/home/student/.config/VirtualBox/VirtualBox.xml" with version "1.12-linux"
00:00:04.749824 nspr-2   Saving settings file "/home/student/.config/VirtualBox/VirtualBox.xml" with version "1.12-linux"
00:00:04.757019 nspr-2   Saving settings file "/home/student/.config/VirtualBox/VirtualBox.xml" with version "1.12-linux"
00:00:04.765771 nspr-3   Saving settings file "/home/student/.config/VirtualBox/VirtualBox.xml" with version "1.12-linux"
00:00:04.778596 nspr-2   Saving settings file "/home/student/.config/VirtualBox/VirtualBox.xml" with version "1.12-linux"
00:00:04.800958 nspr-3   Saving settings file "/home/student/.config/VirtualBox/VirtualBox.xml" with version "1.12-linux"
00:00:04.811547 nspr-3   Saving settings file "/home/student/.config/VirtualBox/VirtualBox.xml" with version "1.12-linux"
00:00:04.827014 nspr-2   Saving settings file "/home/student/.config/VirtualBox/VirtualBox.xml" with version "1.12-linux"
00:00:10.348875 main     VirtualBox: object deletion starts
00:00:10.349115 main     HostDnsMonitor: shutting down ...
00:00:10.356797 main     HostDnsMonitor: shut down
00:00:10.732408 Watcher  ERROR [COM]: aRC=E_ACCESSDENIED (0x80070005) aIID={d0a0163f-e254-4e5b-a1f2-011cf991c38d} aComponent={VirtualBoxWrap} aText={The object is not ready}, preserve=false aResultDetail=0
00:00:15.357016 main     {00007f53900162a0} HostPowerServiceLinux::~HostPowerServiceLinux: RTThreadWait() for 5000 ms failed with VERR_TIMEOUT
00:00:15.357478 main     VirtualBox: object deleted
